make.exe all -f C:\Users\acer\sctp\examples\ping-pong\Makefile --print-data-base --no-builtin-variables --no-builtin-rules --question
make: *** No rule to make target 'ping.go', needed by 'ping'.  Stop.

# GNU Make 4.3
# Built for Windows32
# Copyright (C) 1988-2020 Free Software Foundation, Inc.
# License GPLv3+: GNU GPL version 3 or later <http://gnu.org/licenses/gpl.html>
# This is free software: you are free to change and redistribute it.
# There is NO WARRANTY, to the extent permitted by law.
 

# Make data base, printed on Fri Jul 22 20:02:10 2022

# Variables

# environment
FPS_BROWSER_APP_PROFILE_STRING = Internet Explorer
# environment
SYSTEMDRIVE = C:
# environment
JAVA_HOME = C:\Users\acer\AppData\Local\Programs\Eclipse Adoptium\jdk-17.0.3.7-hotspot\
# environment
LC_ALL = C
# environment
USERPROFILE = C:\Users\acer
# environment
VBOX_MSI_INSTALL_PATH = C:\Program Files\Oracle\VirtualBox\
# environment
LOCALAPPDATA = C:\Users\acer\AppData\Local
# environment
VSCODE_CWD = C:\Users\acer\AppDat 
a\Local\Programs\Microsoft VS Code
# environment
CHOCOLATEYINSTALL = C:\ProgramData\chocolatey
# environment
SYSTEMROOT = C:\WINDOWS
# environment
PROCESSOR_LEVEL = 21
# environment
PSMODULEPATH = C:\Program Files\WindowsPowerShell\Modules;C:\WINDOWS\system32\WindowsPowerShell\v1.0\Modules;C:\ProgramData\chocolatey\lib\make;
# default
MAKE_COMMAND := C:/ProgramData/chocolatey/lib/make/tools/install/bin/make.exe
# environment
GOPATH = C:\Users\acer\go
# automatic
@D = $(patsubst %/,%,$(patsubst %\,%,$(dir $@ 
)))
# environment
CHROME_CRASHPAD_PIPE_NAME = \\.\pipe\crashpad_10304_NHTWWDVIIPAIILWT
# environment
FPS_BROWSER_USER_PROFILE_STRING = Default
# environment
VSCODE_HANDLES_UNCAUGHT_ERRORS = true
# default
.VARIABLES := 
# automatic
%D = $(patsubst %/,%,$(patsubst %\,%,$(dir $%)))
# automatic
^D = $(patsubst %/,%,$(patsubst %\,%,$(dir $^)))
# automatic
%F = $(notdir $%)
# environment
VSCODE_CODE_CACHE_PATH = C:\Users\acer\AppData\Roaming\Code\CachedData\b06ae3b2d2dbfe28bca3134cc6be65935cdfea6a
# environment
 
LANG = C
# default
.LOADED := 
# environment
TMP = C:\Users\acer\AppData\Local\Temp
# default
.INCLUDE_DIRS = .
# environment
PROCESSOR_ARCHITEW6432 = AMD64
# makefile
MAKEFLAGS = pqrR
# environment
ONEDRIVE = C:\Users\acer\OneDrive
# makefile
CURDIR := c:/Users/acer/sctp-new
# environment
LM_LICENSE_FILE = C:\flexlm\lic_questasim.txt
# environment
APPLICATION_INSIGHTS_NO_DIAGNOSTIC_CHANNEL = 1
# automatic
*D = $(patsubst %/,%,$(patsubst %\,%,$(dir $*)))
# environment
PROGRAMFILES = C:\Program Files (x86)
# 
 environment
MFLAGS = -pqrR
# default
.SHELLFLAGS := -c
# environment
ETHEREUM_SOCKET = \\.\pipe\geth.ipc
# environment
COMMONPROGRAMW6432 = C:\Program Files\Common Files
# automatic
+D = $(patsubst %/,%,$(patsubst %\,%,$(dir $+)))
# makefile (from 'C:\Users\acer\sctp\examples\ping-pong\Makefile', line 1)
MAKEFILE_LIST := C:\Users\acer\sctp\examples\ping-pong\Makefile
# automatic
@F = $(notdir $@)
# environment
VSCODE_PID = 10304
# automatic
?D = $(patsubst %/,%,$(patsubst %\,%,$(dir $?)))
# automatic
*F =  
$(notdir $*)
# environment
CMAKE = C:\Program Files\CMake;
# automatic
<D = $(patsubst %/,%,$(patsubst %\,%,$(dir $<)))
# environment
VSCODE_NLS_CONFIG = {"locale":"en-us","availableLanguages":{},"_languagePackSupport":true}
# environment
ONEDRIVECONSUMER = C:\Users\acer\OneDrive
# default
MAKE_HOST := Windows32
# environment
PROGRAMDATA = C:\ProgramData
# default
SHELL := sh.exe
# environment
HOMEPATH = \Users\acer
# default
MAKECMDGOALS := all
# environment
DRIVERDATA = C:\Windows\System32\Drivers\DriverD 
ata
# environment
COMSPEC = C:\WINDOWS\system32\cmd.exe
# environment
WINDIR = C:\WINDOWS
# environment
MAKELEVEL := 0
# default
MAKE = $(MAKE_COMMAND)
# environment
PATH = C:\Program Files\Common Files\Oracle\Java\javapath;C:\Program Files (x86)\Common Files\Oracle\Java\javapath;C:\WINDOWS\system32;C:\WINDOWS;C:\WINDOWS\System32\Wbem;C:\WINDOWS\System32\WindowsPowerShell\v1.0\;C:\WINDOWS\System32\OpenSSH\;C:\Program Files\Geth;C:\Program Files\Git\cmd;C:\Program Files\nodejs\;C:\Program Files\Cloudflare\Cl 
oudflare WARP\;C:\ProgramData\chocolatey\bin;C:\ProgramData\chocolatey\lib\make;C:\ProgramData\chocolatey\lib\Elixir/bin;C:\Program Files\Go\bin;C:\Program Files\Go;C:\Users\acer\AppData\Local\Programs\Eclipse Adoptium\jdk-17.0.3.7-hotspot\bin;C:\Program Files (x86)\Common Files\Oracle\Java\javapath;C:\Windows\system32;C:\Windows;C:\Windows\System32\Wbem;C:\Windows\System32\WindowsPowerShell\v1.0\;C:\Windows\System32\OpenSSH\;C:\Program Files\Geth;C:\Program Files\Git\cmd;C:\Program Files\nodejs\;C:\Python39;C:\Python39\Scripts;C:\Program Files (x86)\Microsoft Visual Studio\2019\Community\Common7\Tools;C:\Program Files (x86)\Microsoft Visual Studio\2019\Community\VC\Auxiliary\Build;C:\Users\acer\AppData\Local\Programs\Microsoft VS Code\bin;C:\questasim64_10.6c\win64;C:\Users\acer\AppData\Local\Microsoft\WindowsApps;C:\Program Files\JetBrains\PyCharm Community Edition 2022.1.1\bin;;C:\Users\acer\AppData\Local\GitHubDesktop\bin;C:\Users\acer\AppData\Local\Programs\MiKTeX\miktex\bin\x64\;C:\ProgramData\chocolatey\lib\make;C:\ProgramData\chocolatey\lib\mingw\tools\install\mingw64\bin;C:\Users\acer\go\bin
# environment
COMPUTERNAME = DESKTOP-7V3EL7F
# default
MAKEFILES := 
# automatic
^F = $(notdir $^)
# environment
PROMPT = $P$G
# environment
OPENSSL_CONF = C:\Program Files\PostgreSQL\psqlODBC\etc\openssl.cnf
# environment
CHOCOLATEYLASTPATHUPDATE = 132995072966368543
# environment
LOGONSERVER = \\DESKTOP-7V3EL7F
# environment
USERNAME = acer
# environment
COMMONPROGRAMFILES = C:\Program Files (x86)\Common Files
# automatic
?F = $(notdir $?)
# environment
PROGRAMW6432 = C:\Program Files
# environment
PATHEXT = .COM;.EXE;.BAT;.CMD;.VBS;.VBE;.JS;.JSE;.WSF;.WSH;.MSC
# automatic
+F = $(notdir $+)
# environment
ORIGINAL_XDG_CURRENT_DESKTOP = undefined
# environment
USERDOMAIN = DESKTOP-7V3EL7F
# 'override' directive
GNUMAKEFLAGS := 
# environment
OS = Windows_NT
# makefile
.DEFAULT_GOAL := all
# default
MAKE_VERSION := 4.3
# environment
PROGRAMFILES(X86) = C:\Program Files (x86)
# environment
USERDOMAIN_ROAMINGPROFILE = DESKTOP-7V3EL7F
# environment
NUMBER_OF_PROCESSORS = 2
# environment
PUBLIC = C:\Users\Public
# environment
APPDATA = C:\Users\acer\AppData\Roaming
# environment
HOMEDRIVE = C:
# environment
PROCESSOR_ARCHITECTURE = x86
# environment
PYCHARM COMMUNITY EDITION = C:\Program Files\JetBrains\PyCharm Community Edition 2022.1.1\bin;
# environment
GOMODCACHE = C:\Users\acer\go\pkg\mod
# environment
VSCODE_AMD_ENTRYPOINT = vs/workbench/api/node/extensionHostProcess
# environment
COMMONPROGRAMFILES(X86) = C:\Program  
Files (x86)\Common Files
# environment
ELECTRON_RUN_AS_NODE = 1
# environment
TEMP = C:\Users\acer\AppData\Local\Temp
# environment
VSCODE_IPC_HOOK = \\.\pipe\929c9db10fbad29ade8ce551d35e9392-1.69.1-main-sock
# environment
GOPROXY = https://proxy.golang.org,direct
# default
.RECIPEPREFIX := 
# automatic
<F = $(notdir $<)
# default
SUFFIXES := 
# environment
ALLUSERSPROFILE = C:\ProgramData
# environment
SESSIONNAME = Console
# default
.FEATURES := target-specific order-only second-expansion else-if shortest-stem undefine oneshell nocomment grouped-target extra-prereqs archives jobserver output-sync load
# environment
PROCESSOR_REVISION = 7000
# environment
PROCESSOR_IDENTIFIER = AMD64 Family 21 Model 112 Stepping 0, AuthenticAMD
# variable set hash-table stats:
# Load=102/1024=10%, Rehash=0, Collisions=10/129=8%

# Pattern-specific Variable Values

# No pattern-specific variable values.

# Directories


# No files, no impossibilities in 0 directories.

# Implicit Rules

# No implicit rules.

# Files

# Not a target:
C:\Users\acer\sctp\examples\ping-pong\Makefile:
#  Implicit rule search has been done.
#  Last modified 2022-06-30 12:27:01
#  File has been updated.
#  Successfully updated.

pong: pong.go conn.go
#  Implicit rule search has not been done.
#  Modification time never checked.
#  File has not been updated.
#  recipe to execute (from 'C:\Users\acer\sctp\examples\ping-pong\Makefile', line 7):
	go build -o $@ -tags $@

ping: ping.go conn.go
#  Implicit rule search has not been done.
#  File does not exist.
#  File has not been updated.
#  recipe to execute (from 'C:\Users\acer\sctp\examples\ping-pong\Makefile', line 4):
	go build -o $@

# Not a target:
conn.go:
#  Implicit rule search has not been done.
#  Modification time never checked.
#  File has not been updated.

# Not a target:
.DEFAULT:
#  Implicit rule search has not been done.
#  Modification time never checked.
#  File has not been updated.

all: ping pong
#  Command line target.
#  Implicit rule search has been done.
#  File does not exist.
#  File has not been updated.

# Not a target:
ping.go:
#  Implicit rule search has been done.
#  File does not exist.
#  File has not been updated.

# Not a target:
pong.go:
#  Implicit rule search has not been done.
#  Modification time never checked.
#  File has not been updated.

# files hash-table stats:
# Load=9/1024=1%, Rehash=0, Collisions=2/28=7%
# VPATH Search Paths

# No 'vpath' search paths.

# No general ('VPATH' variable) search path.

# strcache buffers: 1 (0) / strings = 10 / storage = 106 B / avg = 10 B
# current buf: size = 8174 B / used = 106 B / count = 10 / avg = 10 B

# strcache performance: lookups = 19 / hit rate = 47%
# hash-table stats:
# Load=10/8192=0%, Rehash=0, Collisions=0/19=0%
# Finished Make data base on Fri Jul 22 20:02:10 2022

 
